<?xml version="1.0" encoding="UTF-8"?>
<testsuite name="PowerFinderTest" tests="4" skipped="0" failures="0" errors="0" timestamp="2023-06-23T16:59:11" hostname="DESKTOP-UAHDMDA" time="0.027">
  <properties/>
  <testcase name="twoPowerTwoIsFour()" classname="PowerFinderTest" time="0.021"/>
  <testcase name="twoPowerOneIsTwo()" classname="PowerFinderTest" time="0.001"/>
  <testcase name="threePowerTwoIsNine()" classname="PowerFinderTest" time="0.001"/>
  <testcase name="onePowerOneIsOne()" classname="PowerFinderTest" time="0.001"/>
  <system-out><![CDATA[]]></system-out>
  <system-err><![CDATA[]]></system-err>
</testsuite>
